
_muldi3.o:
00000000 T __muldi3

_negdi2.o:
00000000 T __negdi2

_lshrdi3.o:
00000000 T __lshrdi3

_ashldi3.o:
00000000 T __ashldi3

_ashrdi3.o:
00000000 T __ashrdi3

_cmpdi2.o:
00000000 T __cmpdi2

_ucmpdi2.o:
00000000 T __ucmpdi2

_clear_cache.o:
00000000 T __clear_cache

_trampoline.o:

__main.o:

_absvsi2.o:
         U _GLOBAL_OFFSET_TABLE_
00000000 T __absvsi2
00000000 T __x86.get_pc_thunk.bx
         U abort

_absvdi2.o:
         U _GLOBAL_OFFSET_TABLE_
00000000 T __absvdi2
00000000 T __x86.get_pc_thunk.bx
         U abort

_addvsi3.o:
         U _GLOBAL_OFFSET_TABLE_
00000000 T __addvsi3
00000000 T __x86.get_pc_thunk.bx
         U abort

_addvdi3.o:
         U _GLOBAL_OFFSET_TABLE_
00000000 T __addvdi3
00000000 T __x86.get_pc_thunk.bx
         U abort

_subvsi3.o:
         U _GLOBAL_OFFSET_TABLE_
00000000 T __subvsi3
00000000 T __x86.get_pc_thunk.bx
         U abort

_subvdi3.o:
         U _GLOBAL_OFFSET_TABLE_
00000000 T __subvdi3
00000000 T __x86.get_pc_thunk.bx
         U abort

_mulvsi3.o:
         U _GLOBAL_OFFSET_TABLE_
00000000 T __mulvsi3
00000000 T __x86.get_pc_thunk.bx
         U abort

_mulvdi3.o:
         U _GLOBAL_OFFSET_TABLE_
00000000 T __mulvdi3
00000000 T __x86.get_pc_thunk.bx
         U abort

_negvsi2.o:
         U _GLOBAL_OFFSET_TABLE_
00000000 T __negvsi2
00000000 T __x86.get_pc_thunk.bx
         U abort

_negvdi2.o:
         U _GLOBAL_OFFSET_TABLE_
00000000 T __negvdi2
00000000 T __x86.get_pc_thunk.bx
         U abort

_ctors.o:

_ffssi2.o:
00000000 T __ffssi2

_ffsdi2.o:
00000000 T __ffsdi2

_clz.o:
00000000 R __clz_tab

_clzsi2.o:
00000000 T __clzsi2

_clzdi2.o:
00000000 T __clzdi2

_ctzsi2.o:
00000000 T __ctzsi2

_ctzdi2.o:
00000000 T __ctzdi2

_popcount_tab.o:
00000000 R __popcount_tab

_popcountsi2.o:
         U _GLOBAL_OFFSET_TABLE_
         U __popcount_tab
00000000 T __popcountsi2
00000000 T __x86.get_pc_thunk.bx

_popcountdi2.o:
         U _GLOBAL_OFFSET_TABLE_
         U __popcount_tab
00000000 T __popcountdi2
00000000 T __x86.get_pc_thunk.bx

_paritysi2.o:
00000000 T __paritysi2

_paritydi2.o:
00000000 T __paritydi2

_powisf2.o:
00000000 r .LC0
         U _GLOBAL_OFFSET_TABLE_
00000000 T __powisf2
00000000 T __x86.get_pc_thunk.bx

_powidf2.o:
00000000 r .LC0
         U _GLOBAL_OFFSET_TABLE_
00000000 T __powidf2
00000000 T __x86.get_pc_thunk.bx

_powixf2.o:
00000000 r .LC0
         U _GLOBAL_OFFSET_TABLE_
00000000 T __powixf2
00000000 T __x86.get_pc_thunk.bx

_powitf2.o:
         U _GLOBAL_OFFSET_TABLE_
         U __divtf3
         U __multf3
00000000 T __powitf2
00000000 T __x86.get_pc_thunk.bx

_mulsc3.o:
00000000 r .LC4
         U _GLOBAL_OFFSET_TABLE_
00000000 T __mulsc3
00000000 T __x86.get_pc_thunk.bx

_muldc3.o:
00000000 r .LC4
         U _GLOBAL_OFFSET_TABLE_
00000000 T __muldc3
00000000 T __x86.get_pc_thunk.bx

_mulxc3.o:
00000000 r .LC4
         U _GLOBAL_OFFSET_TABLE_
00000000 T __mulxc3
00000000 T __x86.get_pc_thunk.bx

_multc3.o:
         U _GLOBAL_OFFSET_TABLE_
         U __addtf3
         U __copysigntf3
         U __eqtf2
00000000 T __multc3
         U __multf3
         U __netf2
         U __subtf3
00000000 T __x86.get_pc_thunk.bx

_divsc3.o:
00000000 r .LC2
00000004 r .LC3
         U _GLOBAL_OFFSET_TABLE_
00000000 T __divsc3
00000000 T __x86.get_pc_thunk.cx

_divdc3.o:
00000000 r .LC2
00000004 r .LC3
         U _GLOBAL_OFFSET_TABLE_
00000000 T __divdc3
00000000 T __x86.get_pc_thunk.bx

_divxc3.o:
00000000 r .LC2
00000004 r .LC3
         U _GLOBAL_OFFSET_TABLE_
00000000 T __divxc3
00000000 T __x86.get_pc_thunk.bx

_divtc3.o:
         U _GLOBAL_OFFSET_TABLE_
         U __addtf3
         U __copysigntf3
00000000 T __divtc3
         U __divtf3
         U __eqtf2
         U __fabstf2
         U __lttf2
         U __multf3
         U __netf2
         U __subtf3
00000000 T __x86.get_pc_thunk.bx

_bswapsi2.o:
00000000 T __bswapsi2

_bswapdi2.o:
00000000 T __bswapdi2

_clrsbsi2.o:
00000000 T __clrsbsi2

_clrsbdi2.o:
00000000 T __clrsbdi2

_fixunssfsi.o:
00000000 r .LC0
         U _GLOBAL_OFFSET_TABLE_
00000000 T __fixunssfsi
00000000 T __x86.get_pc_thunk.cx

_fixunsdfsi.o:
00000000 r .LC0
         U _GLOBAL_OFFSET_TABLE_
00000000 T __fixunsdfsi
00000000 T __x86.get_pc_thunk.cx

_fixunsxfsi.o:
00000000 r .LC0
         U _GLOBAL_OFFSET_TABLE_
00000000 T __fixunsxfsi
00000000 T __x86.get_pc_thunk.cx

_fixsfdi.o:
         U _GLOBAL_OFFSET_TABLE_
00000000 T __fixsfdi
         U __fixunssfdi
00000000 T __x86.get_pc_thunk.bx

_fixdfdi.o:
         U _GLOBAL_OFFSET_TABLE_
00000000 T __fixdfdi
         U __fixunsdfdi
00000000 T __x86.get_pc_thunk.bx

_fixxfdi.o:
         U _GLOBAL_OFFSET_TABLE_
         U __fixunsxfdi
00000000 T __fixxfdi
00000000 T __x86.get_pc_thunk.bx

_fixunssfdi.o:
00000000 r .LC0
00000004 r .LC1
         U _GLOBAL_OFFSET_TABLE_
00000000 T __fixunssfdi
00000000 T __x86.get_pc_thunk.bx

_fixunsdfdi.o:
00000000 r .LC0
00000004 r .LC1
         U _GLOBAL_OFFSET_TABLE_
00000000 T __fixunsdfdi
00000000 T __x86.get_pc_thunk.bx

_fixunsxfdi.o:
00000000 r .LC1
00000004 r .LC2
         U _GLOBAL_OFFSET_TABLE_
00000000 T __fixunsxfdi
00000000 T __x86.get_pc_thunk.cx

_floatdisf.o:
00000000 r .LC0
         U _GLOBAL_OFFSET_TABLE_
00000000 T __floatdisf
00000000 T __x86.get_pc_thunk.bx

_floatdidf.o:
00000000 r .LC0
         U _GLOBAL_OFFSET_TABLE_
00000000 T __floatdidf
00000000 T __x86.get_pc_thunk.cx

_floatdixf.o:
00000000 r .LC0
         U _GLOBAL_OFFSET_TABLE_
00000000 T __floatdixf
00000000 T __x86.get_pc_thunk.cx

_floatundisf.o:
00000000 r .LC0
         U _GLOBAL_OFFSET_TABLE_
00000000 T __floatundisf
00000000 T __x86.get_pc_thunk.cx

_floatundidf.o:
00000000 r .LC0
         U _GLOBAL_OFFSET_TABLE_
00000000 T __floatundidf
00000000 T __x86.get_pc_thunk.cx

_floatundixf.o:
00000000 r .LC0
         U _GLOBAL_OFFSET_TABLE_
00000000 T __floatundixf
00000000 T __x86.get_pc_thunk.cx

_eprintf.o:
         U _GLOBAL_OFFSET_TABLE_
00000000 T __eprintf
         U __fprintf_chk
00000000 T __x86.get_pc_thunk.bx
         U abort
         U fflush
         U stderr

__gcc_bcmp.o:
00000000 T __gcc_bcmp

_divdi3.o:
00000000 T __divdi3

_moddi3.o:
00000000 T __moddi3

_udivdi3.o:
00000000 T __udivdi3

_umoddi3.o:
00000000 T __umoddi3

_udiv_w_sdiv.o:
00000000 T __udiv_w_sdiv

_udivmoddi4.o:
00000000 T __udivmoddi4

bid_decimal_globals.o:
         U _GLOBAL_OFFSET_TABLE_
         U ___tls_get_addr
00000000 B __bid_IDEC_glbflags
00000004 B __bid_IDEC_glbround
00000040 T __dfp_clear_except
00000020 T __dfp_get_round
000000c0 T __dfp_raise_except
00000000 T __dfp_set_round
00000060 T __dfp_test_except
00000000 T __x86.get_pc_thunk.bx

bid_decimal_data.o:
00000ae0 D __bid_estimate_bin_expon
00000dc0 D __bid_estimate_decimal_digits
000008e0 D __bid_power10_index_binexp
00000000 D __bid_power10_index_binexp_128
00000b40 D __bid_power10_table_128
00000fe0 D __bid_recip_scale
00001080 D __bid_reciprocals10_128
000007e0 D __bid_reciprocals10_64
00001e00 D __bid_round_const_table
000012c0 D __bid_round_const_table_128
00000880 D __bid_short_recip_scale

bid_binarydecimal.o:
         U _GLOBAL_OFFSET_TABLE_
         U ___tls_get_addr
0000b640 T __bid128_to_binary128
00001b60 T __bid128_to_binary32
00004970 T __bid128_to_binary64
00007e70 T __bid128_to_binary80
00009930 T __bid32_to_binary128
00000000 T __bid32_to_binary32
00003310 T __bid32_to_binary64
000060f0 T __bid32_to_binary80
0000a480 T __bid64_to_binary128
00000a40 T __bid64_to_binary32
00003d50 T __bid64_to_binary64
00006c50 T __bid64_to_binary80
         U __bid_IDEC_glbflags
         U __bid_IDEC_glbround
0001d610 T __binary128_to_bid128
0000fe00 T __binary128_to_bid32
000140a0 T __binary128_to_bid64
00015a10 T __binary32_to_bid128
0000cec0 T __binary32_to_bid32
00011590 T __binary32_to_bid64
000180f0 T __binary64_to_bid128
0000d8a0 T __binary64_to_bid32
00011ff0 T __binary64_to_bid64
0001abc0 T __binary80_to_bid128
0000eb50 T __binary80_to_bid32
00012cc0 T __binary80_to_bid64
00000000 T __x86.get_pc_thunk.bx
001a7c80 r breakpoints_bid32
001b58e0 r breakpoints_bid64
000dbaa0 r breakpoints_binary128
00000000 r breakpoints_binary32
000028a0 r breakpoints_binary64
000103e0 r breakpoints_binary80
001eafc0 r coefflimits_bid128
001a7640 r coefflimits_bid32
001b55c0 r coefflimits_bid64
001aa5e0 r exponents_bid32
001bfbc0 r exponents_bid64
00102780 r exponents_binary128
00000780 r exponents_binary32
00005260 r exponents_binary64
00036fe0 r exponents_binary80
001ec2e0 r innertable_exp
001eb2e0 r innertable_sig
001ab040 r multipliers1_bid32
001c2480 r multipliers1_bid64
0010c2c0 r multipliers1_binary128
00000960 r multipliers1_binary32
00005ce0 r multipliers1_binary64
00040ae0 r multipliers1_binary80
001b0300 r multipliers2_bid32
001d6a20 r multipliers2_bid64
00159c80 r multipliers2_binary128
00001860 r multipliers2_binary32
0000b060 r multipliers2_binary64
0008e2c0 r multipliers2_binary80
001ecee0 r outertable_exp
001ec4e0 r outertable_sig
001a7960 r power_five
00002760 r roundbound_128

bid_convert_data.o:
00000d00 R __bid_convert_table
00000000 R __bid_factors
00000800 R __bid_packed_10000_zeros

_isinfd32.o:
         U _GLOBAL_OFFSET_TABLE_
         U __bid32_to_bid64
         U __bid64_isInf
00000000 T __x86.get_pc_thunk.bx
00000000 T isinfd32

_isinfd64.o:
         U _GLOBAL_OFFSET_TABLE_
         U __bid64_isInf
00000000 T __x86.get_pc_thunk.bx
00000000 T isinfd64

_isinfd128.o:
         U _GLOBAL_OFFSET_TABLE_
         U __bid128_isInf
00000000 T __x86.get_pc_thunk.bx
00000000 T isinfd128

bid64_noncomp.o:
         U _GLOBAL_OFFSET_TABLE_
00000500 T __bid64_abs
00000530 T __bid64_class
000004e0 T __bid64_copy
00000510 T __bid64_copySign
00000410 T __bid64_isCanonical
00000330 T __bid64_isFinite
000003c0 T __bid64_isInf
000004c0 T __bid64_isNaN
00000010 T __bid64_isNormal
000003f0 T __bid64_isSignaling
00000000 T __bid64_isSigned
000001a0 T __bid64_isSubnormal
00000350 T __bid64_isZero
000004f0 T __bid64_negate
00001390 T __bid64_radix
00000710 T __bid64_sameQuantum
000007f0 T __bid64_totalOrder
00000e60 T __bid64_totalOrderMag
00000000 T __x86.get_pc_thunk.bx
00000000 r mult_factor

bid128_noncomp.o:
         U _GLOBAL_OFFSET_TABLE_
00000730 T __bid128_abs
000007a0 T __bid128_class
000006d0 T __bid128_copy
00000760 T __bid128_copySign
00000580 T __bid128_isCanonical
00000430 T __bid128_isFinite
00000520 T __bid128_isInf
000006b0 T __bid128_isNaN
00000010 T __bid128_isNormal
00000560 T __bid128_isSignaling
00000000 T __bid128_isSigned
00000220 T __bid128_isSubnormal
00000450 T __bid128_isZero
00000700 T __bid128_negate
00003830 T __bid128_radix
00000f10 T __bid128_sameQuantum
00001040 T __bid128_totalOrder
00002630 T __bid128_totalOrderMag
         U __bid_nr_digits
         U __bid_ten2k128
         U __bid_ten2k64
00000000 T __x86.get_pc_thunk.bx

bid128_fma.o:
         U _GLOBAL_OFFSET_TABLE_
         U ___tls_get_addr
00010f00 T __bid128_fma
         U __bid128_to_bid64
00010ff0 T __bid128ddd_fma
00011180 T __bid128ddq_fma
000112f0 T __bid128dqd_fma
00011460 T __bid128dqq_fma
000115e0 T __bid128qdd_fma
00011750 T __bid128qdq_fma
000118d0 T __bid128qqd_fma
         U __bid64_to_bid128
00012ed0 T __bid64ddq_fma
00012de0 T __bid64dqd_fma
00012cf0 T __bid64dqq_fma
00012c00 T __bid64qdd_fma
00012b10 T __bid64qdq_fma
00012a20 T __bid64qqd_fma
00011a50 T __bid64qqq_fma
         U __bid_IDEC_glbflags
         U __bid_IDEC_glbround
         U __bid_midpoint128
         U __bid_midpoint192
         U __bid_midpoint256
         U __bid_midpoint64
         U __bid_nr_digits
         U __bid_round128_19_38
         U __bid_round192_39_57
         U __bid_round256_58_76
         U __bid_round64_2_18
         U __bid_ten2k128
         U __bid_ten2k256
         U __bid_ten2k64
00000000 T __x86.get_pc_thunk.bx
00000690 t add_and_round.constprop.0
00002e90 t bid128_ext_fma
00000000 t nr_digits256
00000310 t rounding_correction.constprop.1

bid_round.o:
         U _GLOBAL_OFFSET_TABLE_
         U __bid_Ex128m128
         U __bid_Ex192m192
         U __bid_Ex256m256
         U __bid_Ex64m64
         U __bid_Kx128
         U __bid_Kx192
         U __bid_Kx256
         U __bid_Kx64
         U __bid_half128
         U __bid_half192
         U __bid_half256
         U __bid_half64
         U __bid_mask128
         U __bid_mask192
         U __bid_mask256
         U __bid_mask64
         U __bid_midpoint128
         U __bid_midpoint192
         U __bid_midpoint256
         U __bid_midpoint64
00000280 T __bid_round128_19_38
00000d50 T __bid_round192_39_57
000036e0 T __bid_round256_58_76
00000000 T __bid_round64_2_18
         U __bid_ten2k128
         U __bid_ten2k256
         U __bid_ten2k64
         U __bid_ten2mxtrunc128
         U __bid_ten2mxtrunc192
         U __bid_ten2mxtrunc256
         U __bid_ten2mxtrunc64
00000000 T __x86.get_pc_thunk.bx

bid_from_int.o:
         U _GLOBAL_OFFSET_TABLE_
         U ___tls_get_addr
00000750 T __bid128_from_int32
000007e0 T __bid128_from_int64
000007b0 T __bid128_from_uint32
00000830 T __bid128_from_uint64
00000000 T __bid64_from_int32
00000060 T __bid64_from_int64
00000050 T __bid64_from_uint32
000003a0 T __bid64_from_uint64
         U __bid_IDEC_glbflags
         U __bid_IDEC_glbround
         U __bid_round128_19_38
         U __bid_round64_2_18
00000000 T __x86.get_pc_thunk.bx

bid64_add.o:
00000000 r .LC0
         U _GLOBAL_OFFSET_TABLE_
         U ___tls_get_addr
00000000 T __bid64_add
00001940 T __bid64_sub
         U __bid_IDEC_glbflags
         U __bid_IDEC_glbround
         U __bid_estimate_bin_expon
         U __bid_estimate_decimal_digits
         U __bid_power10_table_128
         U __bid_reciprocals10_64
         U __bid_round_const_table
         U __bid_short_recip_scale
00000000 T __x86.get_pc_thunk.bx

bid128_add.o:
         U _GLOBAL_OFFSET_TABLE_
         U ___tls_get_addr
00000430 T __bid128_add
00008a20 T __bid128_sub
00008920 T __bid128dd_add
00008c90 T __bid128dd_sub
00008850 T __bid128dq_add
00008bc0 T __bid128dq_sub
00008780 T __bid128qd_add
00008af0 T __bid128qd_sub
         U __bid64_to_bid128
00000150 T __bid64dq_add
00000390 T __bid64dq_sub
000000b0 T __bid64qd_add
000002f0 T __bid64qd_sub
00000000 T __bid64qq_add
000001f0 T __bid64qq_sub
         U __bid64qqq_fma
         U __bid_IDEC_glbflags
         U __bid_IDEC_glbround
         U __bid_maskhigh128
         U __bid_midpoint128
         U __bid_midpoint64
         U __bid_nr_digits
         U __bid_onehalf128
         U __bid_shiftright128
         U __bid_ten2k128
         U __bid_ten2k64
         U __bid_ten2mk128
         U __bid_ten2mk128trunc
00000000 T __x86.get_pc_thunk.bx

bid64_div.o:
00000000 r .LC0
00000004 r .LC1
00000008 r .LC2
00000000 r .LC3
00000008 r .LC4
0000000c r .LC5
00000010 r .LC6
         U _GLOBAL_OFFSET_TABLE_
         U ___tls_get_addr
00000000 T __bid64_div
000020e0 T __bid64dq_div
00006230 T __bid64qd_div
0000aed0 T __bid64qq_div
         U __bid_IDEC_glbflags
         U __bid_IDEC_glbround
         U __bid_convert_table
         U __bid_estimate_decimal_digits
         U __bid_factors
         U __bid_packed_10000_zeros
         U __bid_power10_index_binexp
         U __bid_power10_index_binexp_128
         U __bid_power10_table_128
         U __bid_recip_scale
         U __bid_reciprocals10_128
         U __bid_reciprocals10_64
         U __bid_round_const_table
         U __bid_short_recip_scale
         U __udivdi3
00000000 T __x86.get_pc_thunk.bx

bid128_div.o:
00000000 r .LC0
00000004 r .LC1
00000008 r .LC2
0000000c r .LC3
00000000 r .LC4
00000008 r .LC5
00000010 r .LC6
         U _GLOBAL_OFFSET_TABLE_
         U ___tls_get_addr
00002770 T __bid128_div
00008a30 T __bid128dd_div
0000cd60 T __bid128dq_div
00011d60 T __bid128qd_div
         U __bid_IDEC_glbflags
         U __bid_IDEC_glbround
         U __bid_convert_table
         U __bid_estimate_decimal_digits
         U __bid_factors
         U __bid_packed_10000_zeros
         U __bid_power10_index_binexp_128
         U __bid_power10_table_128
         U __bid_recip_scale
         U __bid_reciprocals10_128
         U __bid_reciprocals10_64
         U __bid_round_const_table_128
         U __bid_short_recip_scale
         U __udivdi3
00000000 T __x86.get_pc_thunk.bx
000018e0 t get_BID128.constprop.3
00000000 t handle_UF_128.constprop.4
00000bd0 t handle_UF_128_rem.constprop.5

bid64_mul.o:
00000000 r .LC0
         U _GLOBAL_OFFSET_TABLE_
         U ___tls_get_addr
00000000 T __bid64_mul
         U __bid_IDEC_glbflags
         U __bid_IDEC_glbround
         U __bid_estimate_decimal_digits
         U __bid_power10_table_128
         U __bid_recip_scale
         U __bid_reciprocals10_128
         U __bid_round_const_table
00000000 T __x86.get_pc_thunk.bx

bid128_mul.o:
         U _GLOBAL_OFFSET_TABLE_
         U __bid128_fma
00000560 T __bid128_mul
00000b40 T __bid128dd_mul
00000a70 T __bid128dq_mul
000009a0 T __bid128qd_mul
         U __bid64_to_bid128
000004c0 T __bid64dq_mul
00000420 T __bid64qd_mul
00000000 T __bid64qq_mul
         U __bid64qqq_fma
00000000 T __x86.get_pc_thunk.bx

bid64_compare.o:
         U _GLOBAL_OFFSET_TABLE_
         U ___tls_get_addr
00000000 T __bid64_quiet_equal
00000340 T __bid64_quiet_greater
00000820 T __bid64_quiet_greater_equal
00000d10 T __bid64_quiet_greater_unordered
000011f0 T __bid64_quiet_less
000016d0 T __bid64_quiet_less_equal
00001bb0 T __bid64_quiet_less_unordered
00002090 T __bid64_quiet_not_equal
000023d0 T __bid64_quiet_not_greater
000028b0 T __bid64_quiet_not_less
00002da0 T __bid64_quiet_ordered
00002e30 T __bid64_quiet_unordered
00002ec0 T __bid64_signaling_greater
00003380 T __bid64_signaling_greater_equal
00003850 T __bid64_signaling_greater_unordered
00003d10 T __bid64_signaling_less
000041c0 T __bid64_signaling_less_equal
00004670 T __bid64_signaling_less_unordered
00004b20 T __bid64_signaling_not_greater
00004fd0 T __bid64_signaling_not_less
         U __bid_IDEC_glbflags
00000000 T __x86.get_pc_thunk.bx
00000000 r mult_factor

bid128_compare.o:
         U _GLOBAL_OFFSET_TABLE_
         U ___tls_get_addr
00000000 T __bid128_quiet_equal
00000900 T __bid128_quiet_greater
00001b10 T __bid128_quiet_greater_equal
00002d30 T __bid128_quiet_greater_unordered
00003f30 T __bid128_quiet_less
00005140 T __bid128_quiet_less_equal
00006370 T __bid128_quiet_less_unordered
00007580 T __bid128_quiet_not_equal
00007e90 T __bid128_quiet_not_greater
000090c0 T __bid128_quiet_not_less
0000a2e0 T __bid128_quiet_ordered
0000a390 T __bid128_quiet_unordered
0000a450 T __bid128_signaling_greater
0000b640 T __bid128_signaling_greater_equal
0000c820 T __bid128_signaling_greater_unordered
0000d9e0 T __bid128_signaling_less
0000ebc0 T __bid128_signaling_less_equal
0000fdd0 T __bid128_signaling_less_unordered
00010fb0 T __bid128_signaling_not_greater
000121c0 T __bid128_signaling_not_less
         U __bid_IDEC_glbflags
         U __bid_ten2k128
         U __bid_ten2k64
00000000 T __x86.get_pc_thunk.bx

bid128.o:
00002c80 D __bid_Ex128m128
00002180 D __bid_Ex192m192
00000e20 D __bid_Ex256m256
00003160 D __bid_Ex64m64
00002d20 D __bid_Kx128
00002260 D __bid_Kx192
00000f60 D __bid_Kx256
000031c0 D __bid_Kx64
00003f80 D __bid_char_table2
000033c0 D __bid_char_table3
00002b40 D __bid_half128
00001fc0 D __bid_half192
00000bc0 D __bid_half256
000030c0 D __bid_half64
00002a00 D __bid_mask128
00001e00 D __bid_mask192
00000960 D __bid_mask256
00003020 D __bid_mask64
00004e00 D __bid_maskhigh128
00004980 D __bid_maskhigh128M
000044a0 D __bid_maskhigh192M
000040a0 D __bid_maskhigh256M
00005ce0 D __bid_midpoint128
00005b00 D __bid_midpoint192
000058a0 D __bid_midpoint256
00005e20 D __bid_midpoint64
00005ec0 D __bid_nr_digits
00004ce0 D __bid_onehalf128
00004960 D __bid_onehalf128M
00004400 D __bid_onehalf192M
00004040 D __bid_onehalf256M
00003260 D __bid_shift_ten2m3k128
00003350 D __bid_shift_ten2m3k64
00004f20 D __bid_shiftright128
000049a0 D __bid_shiftright128M
00004540 D __bid_shiftright192M
00004100 D __bid_shiftright256M
000056c0 D __bid_ten2k128
000051e0 D __bid_ten2k256
00005800 D __bid_ten2k64
000032a0 D __bid_ten2m3k128
00003380 D __bid_ten2m3k64
00004fc0 D __bid_ten2mk128
00004a00 D __bid_ten2mk128M
00004a40 D __bid_ten2mk128trunc
000049c0 D __bid_ten2mk128truncM
00004780 D __bid_ten2mk192M
000045a0 D __bid_ten2mk192truncM
000042a0 D __bid_ten2mk256M
00004140 D __bid_ten2mk256truncM
00004c60 D __bid_ten2mk64
000027a0 D __bid_ten2mxtrunc128
000018c0 D __bid_ten2mxtrunc192
00000000 D __bid_ten2mxtrunc256
00002f80 D __bid_ten2mxtrunc64

bid32_to_bid64.o:
         U _GLOBAL_OFFSET_TABLE_
         U ___tls_get_addr
00000000 T __bid32_to_bid64
00000160 T __bid64_to_bid32
         U __bid_IDEC_glbflags
         U __bid_IDEC_glbround
         U __bid_estimate_decimal_digits
         U __bid_power10_index_binexp
         U __bid_power10_table_128
         U __bid_reciprocals10_64
         U __bid_round_const_table
         U __bid_short_recip_scale
00000000 T __x86.get_pc_thunk.bx

bid32_to_bid128.o:
00000000 r .LC0
         U _GLOBAL_OFFSET_TABLE_
         U ___tls_get_addr
00000200 T __bid128_to_bid32
00000000 T __bid32_to_bid128
         U __bid_IDEC_glbflags
         U __bid_IDEC_glbround
         U __bid_estimate_decimal_digits
         U __bid_power10_index_binexp_128
         U __bid_power10_table_128
         U __bid_recip_scale
         U __bid_reciprocals10_128
         U __bid_reciprocals10_64
         U __bid_round_const_table
         U __bid_round_const_table_128
         U __bid_short_recip_scale
00000000 T __x86.get_pc_thunk.bx

bid64_to_bid128.o:
00000000 r .LC0
         U _GLOBAL_OFFSET_TABLE_
         U ___tls_get_addr
00000290 T __bid128_to_bid64
00000000 T __bid64_to_bid128
         U __bid_IDEC_glbflags
         U __bid_IDEC_glbround
         U __bid_estimate_decimal_digits
         U __bid_power10_index_binexp_128
         U __bid_power10_table_128
         U __bid_recip_scale
         U __bid_reciprocals10_128
         U __bid_round_const_table
         U __bid_round_const_table_128
00000000 T __x86.get_pc_thunk.bx

bid64_to_int32.o:
         U _GLOBAL_OFFSET_TABLE_
         U ___tls_get_addr
00001420 T __bid64_to_int32_ceil
00000ab0 T __bid64_to_int32_floor
00001e80 T __bid64_to_int32_int
00000000 T __bid64_to_int32_rnint
00002710 T __bid64_to_int32_rninta
00001940 T __bid64_to_int32_xceil
00000f60 T __bid64_to_int32_xfloor
00002250 T __bid64_to_int32_xint
000004b0 T __bid64_to_int32_xrnint
00002b20 T __bid64_to_int32_xrninta
         U __bid_IDEC_glbflags
         U __bid_maskhigh128
         U __bid_midpoint64
         U __bid_nr_digits
         U __bid_onehalf128
         U __bid_shiftright128
         U __bid_ten2k64
         U __bid_ten2mk128trunc
         U __bid_ten2mk64
00000000 T __x86.get_pc_thunk.bx

bid64_to_int64.o:
         U _GLOBAL_OFFSET_TABLE_
         U ___tls_get_addr
00001890 T __bid64_to_int64_ceil
00000d30 T __bid64_to_int64_floor
00002490 T __bid64_to_int64_int
00000000 T __bid64_to_int64_rnint
00002fb0 T __bid64_to_int64_rninta
00001e90 T __bid64_to_int64_xceil
00001300 T __bid64_to_int64_xfloor
00002a00 T __bid64_to_int64_xint
000005e0 T __bid64_to_int64_xrnint
00003580 T __bid64_to_int64_xrninta
         U __bid_IDEC_glbflags
         U __bid_maskhigh128
         U __bid_midpoint64
         U __bid_nr_digits
         U __bid_onehalf128
         U __bid_shiftright128
         U __bid_ten2k64
         U __bid_ten2mk128trunc
         U __bid_ten2mk64
00000000 T __x86.get_pc_thunk.bx

bid64_to_uint32.o:
         U _GLOBAL_OFFSET_TABLE_
         U ___tls_get_addr
00000e90 T __bid64_to_uint32_ceil
00000860 T __bid64_to_uint32_floor
000015c0 T __bid64_to_uint32_int
00000000 T __bid64_to_uint32_rnint
00001c10 T __bid64_to_uint32_rninta
00001210 T __bid64_to_uint32_xceil
00000b20 T __bid64_to_uint32_xfloor
00001890 T __bid64_to_uint32_xint
000003a0 T __bid64_to_uint32_xrnint
00001f40 T __bid64_to_uint32_xrninta
         U __bid_IDEC_glbflags
         U __bid_maskhigh128
         U __bid_midpoint64
         U __bid_nr_digits
         U __bid_onehalf128
         U __bid_shiftright128
         U __bid_ten2k64
         U __bid_ten2mk128trunc
         U __bid_ten2mk64
00000000 T __x86.get_pc_thunk.bx

bid64_to_uint64.o:
         U _GLOBAL_OFFSET_TABLE_
         U ___tls_get_addr
00001580 T __bid64_to_uint64_ceil
00000c80 T __bid64_to_uint64_floor
00002000 T __bid64_to_uint64_int
00000000 T __bid64_to_uint64_rnint
00002910 T __bid64_to_uint64_rninta
00001a90 T __bid64_to_uint64_xceil
000010e0 T __bid64_to_uint64_xfloor
00002460 T __bid64_to_uint64_xint
00000570 T __bid64_to_uint64_xrnint
00002e40 T __bid64_to_uint64_xrninta
         U __bid_IDEC_glbflags
         U __bid_maskhigh128
         U __bid_midpoint64
         U __bid_nr_digits
         U __bid_onehalf128
         U __bid_shiftright128
         U __bid_ten2k128
         U __bid_ten2k64
         U __bid_ten2mk128trunc
         U __bid_ten2mk64
00000000 T __x86.get_pc_thunk.bx

bid128_to_int32.o:
         U _GLOBAL_OFFSET_TABLE_
         U ___tls_get_addr
00003fe0 T __bid128_to_int32_ceil
000020d0 T __bid128_to_int32_floor
00006570 T __bid128_to_int32_int
00000000 T __bid128_to_int32_rnint
00008410 T __bid128_to_int32_rninta
000052a0 T __bid128_to_int32_xceil
00003050 T __bid128_to_int32_xfloor
000073b0 T __bid128_to_int32_xint
00000ee0 T __bid128_to_int32_xrnint
00009190 T __bid128_to_int32_xrninta
         U __bid_IDEC_glbflags
         U __bid_maskhigh128
         U __bid_midpoint128
         U __bid_midpoint64
         U __bid_nr_digits
         U __bid_onehalf128
         U __bid_shiftright128
         U __bid_ten2k128
         U __bid_ten2k64
         U __bid_ten2mk128
         U __bid_ten2mk128trunc
00000000 T __x86.get_pc_thunk.bx

bid128_to_int64.o:
         U _GLOBAL_OFFSET_TABLE_
         U ___tls_get_addr
00003b00 T __bid128_to_int64_ceil
00002240 T __bid128_to_int64_floor
000058a0 T __bid128_to_int64_int
00000000 T __bid128_to_int64_rnint
00007180 T __bid128_to_int64_rninta
000049d0 T __bid128_to_int64_xceil
00002ee0 T __bid128_to_int64_xfloor
00006470 T __bid128_to_int64_xint
00000f80 T __bid128_to_int64_xrnint
00007ff0 T __bid128_to_int64_xrninta
         U __bid_IDEC_glbflags
         U __bid_maskhigh128
         U __bid_midpoint128
         U __bid_midpoint64
         U __bid_nr_digits
         U __bid_onehalf128
         U __bid_shiftright128
         U __bid_ten2k64
         U __bid_ten2mk128
         U __bid_ten2mk128trunc
00000000 T __x86.get_pc_thunk.bx

bid128_to_uint32.o:
         U _GLOBAL_OFFSET_TABLE_
         U ___tls_get_addr
000034e0 T __bid128_to_uint32_ceil
00001cd0 T __bid128_to_uint32_floor
00005520 T __bid128_to_uint32_int
00000000 T __bid128_to_uint32_rnint
00007060 T __bid128_to_uint32_rninta
000044d0 T __bid128_to_uint32_xceil
000027f0 T __bid128_to_uint32_xfloor
000061d0 T __bid128_to_uint32_xint
00000d40 T __bid128_to_uint32_xrnint
00007c40 T __bid128_to_uint32_xrninta
         U __bid_IDEC_glbflags
         U __bid_maskhigh128
         U __bid_midpoint128
         U __bid_midpoint64
         U __bid_nr_digits
         U __bid_onehalf128
         U __bid_shiftright128
         U __bid_ten2k128
         U __bid_ten2k64
         U __bid_ten2mk128
         U __bid_ten2mk128trunc
00000000 T __x86.get_pc_thunk.bx

bid128_to_uint64.o:
         U _GLOBAL_OFFSET_TABLE_
         U ___tls_get_addr
000033f0 T __bid128_to_uint64_ceil
00001f70 T __bid128_to_uint64_floor
00004e60 T __bid128_to_uint64_int
00000000 T __bid128_to_uint64_rnint
00006350 T __bid128_to_uint64_rninta
00004110 T __bid128_to_uint64_xceil
000028a0 T __bid128_to_uint64_xfloor
000057c0 T __bid128_to_uint64_xint
00000dd0 T __bid128_to_uint64_xrnint
00006fc0 T __bid128_to_uint64_xrninta
         U __bid_IDEC_glbflags
         U __bid_maskhigh128
         U __bid_midpoint128
         U __bid_midpoint64
         U __bid_nr_digits
         U __bid_onehalf128
         U __bid_shiftright128
         U __bid_ten2k128
         U __bid_ten2k64
         U __bid_ten2mk128
         U __bid_ten2mk128trunc
00000000 T __x86.get_pc_thunk.bx

_addsub_sd.o:
         U _GLOBAL_OFFSET_TABLE_
         U __bid32_to_bid64
         U __bid64_add
         U __bid64_sub
         U __bid64_to_bid32
00000000 T __bid_addsd3
00000070 T __bid_subsd3
00000000 T __x86.get_pc_thunk.bx

_div_sd.o:
         U _GLOBAL_OFFSET_TABLE_
         U __bid32_to_bid64
         U __bid64_div
         U __bid64_to_bid32
00000000 T __bid_divsd3
00000000 T __x86.get_pc_thunk.bx

_mul_sd.o:
         U _GLOBAL_OFFSET_TABLE_
         U __bid32_to_bid64
         U __bid64_mul
         U __bid64_to_bid32
00000000 T __bid_mulsd3
00000000 T __x86.get_pc_thunk.bx

_eq_sd.o:
         U _GLOBAL_OFFSET_TABLE_
         U __bid32_to_bid64
         U __bid64_quiet_equal
00000000 T __bid_eqsd2
00000000 T __x86.get_pc_thunk.bx

_ne_sd.o:
         U _GLOBAL_OFFSET_TABLE_
         U __bid32_to_bid64
         U __bid64_quiet_not_equal
00000000 T __bid_nesd2
00000000 T __x86.get_pc_thunk.bx

_lt_sd.o:
         U _GLOBAL_OFFSET_TABLE_
         U __bid32_to_bid64
         U __bid64_quiet_less
00000000 T __bid_ltsd2
00000000 T __x86.get_pc_thunk.bx

_gt_sd.o:
         U _GLOBAL_OFFSET_TABLE_
         U __bid32_to_bid64
         U __bid64_quiet_greater
00000000 T __bid_gtsd2
00000000 T __x86.get_pc_thunk.bx

_le_sd.o:
         U _GLOBAL_OFFSET_TABLE_
         U __bid32_to_bid64
         U __bid64_quiet_less_equal
00000000 T __bid_lesd2
00000000 T __x86.get_pc_thunk.bx

_ge_sd.o:
         U _GLOBAL_OFFSET_TABLE_
         U __bid32_to_bid64
         U __bid64_quiet_greater_equal
00000000 T __bid_gesd2
00000000 T __x86.get_pc_thunk.bx

_sd_to_si.o:
         U _GLOBAL_OFFSET_TABLE_
         U __bid32_to_bid64
         U __bid64_to_int32_xint
00000000 T __bid_fixsdsi
00000000 T __x86.get_pc_thunk.bx

_sd_to_di.o:
         U _GLOBAL_OFFSET_TABLE_
         U __bid32_to_bid64
         U __bid64_to_int64_xint
00000000 T __bid_fixsddi
00000000 T __x86.get_pc_thunk.bx

_sd_to_usi.o:
         U _GLOBAL_OFFSET_TABLE_
         U __bid32_to_bid64
         U __bid64_to_uint32_xint
00000000 T __bid_fixunssdsi
00000000 T __x86.get_pc_thunk.bx

_sd_to_udi.o:
         U _GLOBAL_OFFSET_TABLE_
         U __bid32_to_bid64
         U __bid64_to_uint64_xint
00000000 T __bid_fixunssddi
00000000 T __x86.get_pc_thunk.bx

_si_to_sd.o:
         U _GLOBAL_OFFSET_TABLE_
         U __bid64_from_int32
         U __bid64_to_bid32
00000000 T __bid_floatsisd
00000000 T __x86.get_pc_thunk.bx

_di_to_sd.o:
         U _GLOBAL_OFFSET_TABLE_
         U __bid64_from_int64
         U __bid64_to_bid32
00000000 T __bid_floatdisd
00000000 T __x86.get_pc_thunk.bx

_usi_to_sd.o:
         U _GLOBAL_OFFSET_TABLE_
         U __bid64_from_uint32
         U __bid64_to_bid32
00000000 T __bid_floatunssisd
00000000 T __x86.get_pc_thunk.bx

_udi_to_sd.o:
         U _GLOBAL_OFFSET_TABLE_
         U __bid64_from_uint64
         U __bid64_to_bid32
00000000 T __bid_floatunsdisd
00000000 T __x86.get_pc_thunk.bx

_sd_to_sf.o:
         U _GLOBAL_OFFSET_TABLE_
         U __bid32_to_binary32
00000000 T __bid_truncsdsf
00000000 T __x86.get_pc_thunk.bx

_sd_to_df.o:
         U _GLOBAL_OFFSET_TABLE_
         U __bid32_to_binary64
00000000 T __bid_extendsddf
00000000 T __x86.get_pc_thunk.bx

_sd_to_xf.o:
         U _GLOBAL_OFFSET_TABLE_
         U __bid32_to_binary80
00000000 T __bid_extendsdxf
00000000 T __x86.get_pc_thunk.bx

_sd_to_tf.o:
         U _GLOBAL_OFFSET_TABLE_
         U __bid32_to_binary128
00000000 T __bid_extendsdtf
00000000 T __x86.get_pc_thunk.bx

_sf_to_sd.o:
         U _GLOBAL_OFFSET_TABLE_
00000000 T __bid_extendsfsd
         U __binary32_to_bid32
00000000 T __x86.get_pc_thunk.bx

_df_to_sd.o:
         U _GLOBAL_OFFSET_TABLE_
00000000 T __bid_truncdfsd
         U __binary64_to_bid32
00000000 T __x86.get_pc_thunk.bx

_xf_to_sd.o:
         U _GLOBAL_OFFSET_TABLE_
00000000 T __bid_truncxfsd
         U __binary80_to_bid32
00000000 T __x86.get_pc_thunk.bx

_tf_to_sd.o:
         U _GLOBAL_OFFSET_TABLE_
00000000 T __bid_trunctfsd
         U __binary128_to_bid32
00000000 T __x86.get_pc_thunk.bx

_sd_to_dd.o:
         U _GLOBAL_OFFSET_TABLE_
         U __bid32_to_bid64
00000000 T __bid_extendsddd2
00000000 T __x86.get_pc_thunk.bx

_sd_to_td.o:
         U _GLOBAL_OFFSET_TABLE_
         U __bid32_to_bid128
00000000 T __bid_extendsdtd2
00000000 T __x86.get_pc_thunk.bx

_unord_sd.o:
         U _GLOBAL_OFFSET_TABLE_
         U __bid32_to_bid64
         U __bid64_quiet_unordered
00000000 T __bid_unordsd2
00000000 T __x86.get_pc_thunk.bx

_addsub_dd.o:
         U _GLOBAL_OFFSET_TABLE_
         U __bid64_add
         U __bid64_sub
00000000 T __bid_adddd3
00000050 T __bid_subdd3
00000000 T __x86.get_pc_thunk.bx

_div_dd.o:
         U _GLOBAL_OFFSET_TABLE_
         U __bid64_div
00000000 T __bid_divdd3
00000000 T __x86.get_pc_thunk.bx

_mul_dd.o:
         U _GLOBAL_OFFSET_TABLE_
         U __bid64_mul
00000000 T __bid_muldd3
00000000 T __x86.get_pc_thunk.bx

_eq_dd.o:
         U _GLOBAL_OFFSET_TABLE_
         U __bid64_quiet_equal
00000000 T __bid_eqdd2
00000000 T __x86.get_pc_thunk.bx

_ne_dd.o:
         U _GLOBAL_OFFSET_TABLE_
         U __bid64_quiet_not_equal
00000000 T __bid_nedd2
00000000 T __x86.get_pc_thunk.bx

_lt_dd.o:
         U _GLOBAL_OFFSET_TABLE_
         U __bid64_quiet_less
00000000 T __bid_ltdd2
00000000 T __x86.get_pc_thunk.bx

_gt_dd.o:
         U _GLOBAL_OFFSET_TABLE_
         U __bid64_quiet_greater
00000000 T __bid_gtdd2
00000000 T __x86.get_pc_thunk.bx

_le_dd.o:
         U _GLOBAL_OFFSET_TABLE_
         U __bid64_quiet_less_equal
00000000 T __bid_ledd2
00000000 T __x86.get_pc_thunk.bx

_ge_dd.o:
         U _GLOBAL_OFFSET_TABLE_
         U __bid64_quiet_greater_equal
00000000 T __bid_gedd2
00000000 T __x86.get_pc_thunk.bx

_dd_to_si.o:
         U _GLOBAL_OFFSET_TABLE_
         U __bid64_to_int32_xint
00000000 T __bid_fixddsi
00000000 T __x86.get_pc_thunk.bx

_dd_to_di.o:
         U _GLOBAL_OFFSET_TABLE_
         U __bid64_to_int64_xint
00000000 T __bid_fixdddi
00000000 T __x86.get_pc_thunk.bx

_dd_to_usi.o:
         U _GLOBAL_OFFSET_TABLE_
         U __bid64_to_uint32_xint
00000000 T __bid_fixunsddsi
00000000 T __x86.get_pc_thunk.bx

_dd_to_udi.o:
         U _GLOBAL_OFFSET_TABLE_
         U __bid64_to_uint64_xint
00000000 T __bid_fixunsdddi
00000000 T __x86.get_pc_thunk.bx

_si_to_dd.o:
         U _GLOBAL_OFFSET_TABLE_
         U __bid64_from_int32
00000000 T __bid_floatsidd
00000000 T __x86.get_pc_thunk.bx

_di_to_dd.o:
         U _GLOBAL_OFFSET_TABLE_
         U __bid64_from_int64
00000000 T __bid_floatdidd
00000000 T __x86.get_pc_thunk.bx

_usi_to_dd.o:
         U _GLOBAL_OFFSET_TABLE_
         U __bid64_from_uint32
00000000 T __bid_floatunssidd
00000000 T __x86.get_pc_thunk.bx

_udi_to_dd.o:
         U _GLOBAL_OFFSET_TABLE_
         U __bid64_from_uint64
00000000 T __bid_floatunsdidd
00000000 T __x86.get_pc_thunk.bx

_dd_to_sf.o:
         U _GLOBAL_OFFSET_TABLE_
         U __bid64_to_binary32
00000000 T __bid_truncddsf
00000000 T __x86.get_pc_thunk.bx

_dd_to_df.o:
         U _GLOBAL_OFFSET_TABLE_
         U __bid64_to_binary64
00000000 T __bid_truncdddf
00000000 T __x86.get_pc_thunk.bx

_dd_to_xf.o:
         U _GLOBAL_OFFSET_TABLE_
         U __bid64_to_binary80
00000000 T __bid_extendddxf
00000000 T __x86.get_pc_thunk.bx

_dd_to_tf.o:
         U _GLOBAL_OFFSET_TABLE_
         U __bid64_to_binary128
00000000 T __bid_extendddtf
00000000 T __x86.get_pc_thunk.bx

_sf_to_dd.o:
         U _GLOBAL_OFFSET_TABLE_
00000000 T __bid_extendsfdd
         U __binary32_to_bid64
00000000 T __x86.get_pc_thunk.bx

_df_to_dd.o:
         U _GLOBAL_OFFSET_TABLE_
00000000 T __bid_extenddfdd
         U __binary64_to_bid64
00000000 T __x86.get_pc_thunk.bx

_xf_to_dd.o:
         U _GLOBAL_OFFSET_TABLE_
00000000 T __bid_truncxfdd
         U __binary80_to_bid64
00000000 T __x86.get_pc_thunk.bx

_tf_to_dd.o:
         U _GLOBAL_OFFSET_TABLE_
00000000 T __bid_trunctfdd
         U __binary128_to_bid64
00000000 T __x86.get_pc_thunk.bx

_dd_to_sd.o:
         U _GLOBAL_OFFSET_TABLE_
         U __bid64_to_bid32
00000000 T __bid_truncddsd2
00000000 T __x86.get_pc_thunk.bx

_dd_to_td.o:
         U _GLOBAL_OFFSET_TABLE_
         U __bid64_to_bid128
00000000 T __bid_extendddtd2
00000000 T __x86.get_pc_thunk.bx

_unord_dd.o:
         U _GLOBAL_OFFSET_TABLE_
         U __bid64_quiet_unordered
00000000 T __bid_unorddd2
00000000 T __x86.get_pc_thunk.bx

_addsub_td.o:
         U _GLOBAL_OFFSET_TABLE_
         U __bid128_add
         U __bid128_sub
00000000 T __bid_addtd3
000000a0 T __bid_subtd3
00000000 T __x86.get_pc_thunk.bx

_div_td.o:
         U _GLOBAL_OFFSET_TABLE_
         U __bid128_div
00000000 T __bid_divtd3
00000000 T __x86.get_pc_thunk.bx

_mul_td.o:
         U _GLOBAL_OFFSET_TABLE_
         U __bid128_mul
00000000 T __bid_multd3
00000000 T __x86.get_pc_thunk.bx

_eq_td.o:
         U _GLOBAL_OFFSET_TABLE_
         U __bid128_quiet_equal
00000000 T __bid_eqtd2
00000000 T __x86.get_pc_thunk.bx

_ne_td.o:
         U _GLOBAL_OFFSET_TABLE_
         U __bid128_quiet_not_equal
00000000 T __bid_netd2
00000000 T __x86.get_pc_thunk.bx

_lt_td.o:
         U _GLOBAL_OFFSET_TABLE_
         U __bid128_quiet_less
00000000 T __bid_lttd2
00000000 T __x86.get_pc_thunk.bx

_gt_td.o:
         U _GLOBAL_OFFSET_TABLE_
         U __bid128_quiet_greater
00000000 T __bid_gttd2
00000000 T __x86.get_pc_thunk.bx

_le_td.o:
         U _GLOBAL_OFFSET_TABLE_
         U __bid128_quiet_less_equal
00000000 T __bid_letd2
00000000 T __x86.get_pc_thunk.bx

_ge_td.o:
         U _GLOBAL_OFFSET_TABLE_
         U __bid128_quiet_greater_equal
00000000 T __bid_getd2
00000000 T __x86.get_pc_thunk.bx

_td_to_si.o:
         U _GLOBAL_OFFSET_TABLE_
         U __bid128_to_int32_xint
00000000 T __bid_fixtdsi
00000000 T __x86.get_pc_thunk.bx

_td_to_di.o:
         U _GLOBAL_OFFSET_TABLE_
         U __bid128_to_int64_xint
00000000 T __bid_fixtddi
00000000 T __x86.get_pc_thunk.bx

_td_to_usi.o:
         U _GLOBAL_OFFSET_TABLE_
         U __bid128_to_uint32_xint
00000000 T __bid_fixunstdsi
00000000 T __x86.get_pc_thunk.bx

_td_to_udi.o:
         U _GLOBAL_OFFSET_TABLE_
         U __bid128_to_uint64_xint
00000000 T __bid_fixunstddi
00000000 T __x86.get_pc_thunk.bx

_si_to_td.o:
         U _GLOBAL_OFFSET_TABLE_
         U __bid128_from_int32
00000000 T __bid_floatsitd
00000000 T __x86.get_pc_thunk.bx

_di_to_td.o:
         U _GLOBAL_OFFSET_TABLE_
         U __bid128_from_int64
00000000 T __bid_floatditd
00000000 T __x86.get_pc_thunk.bx

_usi_to_td.o:
         U _GLOBAL_OFFSET_TABLE_
         U __bid128_from_uint32
00000000 T __bid_floatunssitd
00000000 T __x86.get_pc_thunk.bx

_udi_to_td.o:
         U _GLOBAL_OFFSET_TABLE_
         U __bid128_from_uint64
00000000 T __bid_floatunsditd
00000000 T __x86.get_pc_thunk.bx

_td_to_sf.o:
         U _GLOBAL_OFFSET_TABLE_
         U __bid128_to_binary32
00000000 T __bid_trunctdsf
00000000 T __x86.get_pc_thunk.bx

_td_to_df.o:
         U _GLOBAL_OFFSET_TABLE_
         U __bid128_to_binary64
00000000 T __bid_trunctddf
00000000 T __x86.get_pc_thunk.bx

_td_to_xf.o:
         U _GLOBAL_OFFSET_TABLE_
         U __bid128_to_binary80
00000000 T __bid_trunctdxf
00000000 T __x86.get_pc_thunk.bx

_td_to_tf.o:
         U _GLOBAL_OFFSET_TABLE_
         U __bid128_to_binary128
00000000 T __bid_trunctdtf
00000000 T __x86.get_pc_thunk.bx

_sf_to_td.o:
         U _GLOBAL_OFFSET_TABLE_
00000000 T __bid_extendsftd
         U __binary32_to_bid128
00000000 T __x86.get_pc_thunk.bx

_df_to_td.o:
         U _GLOBAL_OFFSET_TABLE_
00000000 T __bid_extenddftd
         U __binary64_to_bid128
00000000 T __x86.get_pc_thunk.bx

_xf_to_td.o:
         U _GLOBAL_OFFSET_TABLE_
00000000 T __bid_extendxftd
         U __binary80_to_bid128
00000000 T __x86.get_pc_thunk.bx

_tf_to_td.o:
         U _GLOBAL_OFFSET_TABLE_
00000000 T __bid_extendtftd
         U __binary128_to_bid128
00000000 T __x86.get_pc_thunk.bx

_td_to_sd.o:
         U _GLOBAL_OFFSET_TABLE_
         U __bid128_to_bid32
00000000 T __bid_trunctdsd2
00000000 T __x86.get_pc_thunk.bx

_td_to_dd.o:
         U _GLOBAL_OFFSET_TABLE_
         U __bid128_to_bid64
00000000 T __bid_trunctddd2
00000000 T __x86.get_pc_thunk.bx

_unord_td.o:
         U _GLOBAL_OFFSET_TABLE_
         U __bid128_quiet_unordered
00000000 T __bid_unordtd2
00000000 T __x86.get_pc_thunk.bx

tf-signs.o:
00000000 T __copysigntf3
00000050 T __fabstf2

addtf3.o:
00000000 T __addtf3

divtf3.o:
000007f8 t .L38
000004f8 t .L39
00000618 t .L40
00000660 t .L41
00000638 t .L42
000007a8 t .L44
00000ae8 t .L45
000004fd t .L77
         U _GLOBAL_OFFSET_TABLE_
00000000 T __divtf3
00000000 T __x86.get_pc_thunk.bx

eqtf2.o:
00000000 T __eqtf2
00000000 T __netf2

getf2.o:
00000000 T __getf2
00000000 T __gttf2

letf2.o:
00000000 T __letf2
00000000 T __lttf2

multf3.o:
00000548 t .L120
00000400 t .L121
00000788 t .L38
00000550 t .L40
000006a0 t .L42
00000408 t .L43
00000a58 t .L44
         U _GLOBAL_OFFSET_TABLE_
00000000 T __multf3
00000000 T __x86.get_pc_thunk.bx

negtf2.o:
00000000 T __negtf2

subtf3.o:
00000000 T __subtf3

unordtf2.o:
00000000 T __unordtf2

fixtfsi.o:
00000000 T __fixtfsi

fixunstfsi.o:
00000000 T __fixunstfsi

floatsitf.o:
00000000 T __floatsitf

floatunsitf.o:
00000000 T __floatunsitf

fixtfdi.o:
00000000 T __fixtfdi

fixunstfdi.o:
00000000 T __fixunstfdi

floatditf.o:
00000000 T __floatditf

floatunditf.o:
00000000 T __floatunditf

extendsftf2.o:
00000000 T __extendsftf2

extenddftf2.o:
00000000 T __extenddftf2

extendxftf2.o:
00000000 T __extendxftf2

trunctfsf2.o:
00000000 T __trunctfsf2

trunctfdf2.o:
00000000 T __trunctfdf2

trunctfxf2.o:
00000000 T __trunctfxf2

enable-execute-stack.o:
00000000 T __enable_execute_stack

generic-morestack.o:
00000000 r .LC0
00000000 r .LC1
00000012 r .LC2
         U _GLOBAL_OFFSET_TABLE_
00000045 r __PRETTY_FUNCTION__.6726
         U ___tls_get_addr
         U __assert_fail
         U __errno_location
00000990 T __generic_findstack
000002b0 T __generic_morestack
00000230 T __generic_morestack_set_initial_sp
00000770 T __generic_releasestack
000008c0 T __morestack_allocate_stack_space
00000800 T __morestack_block_signals
0000009c B __morestack_current_segment
00000040 T __morestack_fail
00000000 b __morestack_fullmask
         U __morestack_get_guard
00000000 B __morestack_initial_sp
00000a20 T __morestack_load_mmap
         U __morestack_make_guard
00000120 T __morestack_release_segments
000000a0 B __morestack_segments
         U __morestack_set_guard
00000860 T __morestack_unblock_signals
00000be0 T __splitstack_block_signals
00001080 T __splitstack_block_signals_context
00000ab0 T __splitstack_find
000010d0 T __splitstack_find_context
00000c50 T __splitstack_getcontext
00000db0 T __splitstack_makecontext
00001060 T __splitstack_releasecontext
00000ff0 T __splitstack_resetcontext
00000d30 T __splitstack_setcontext
00000000 T __x86.get_pc_thunk.bx
         U abort
         U free
00000000 t free_dynamic_blocks
         U getenv
         U getpagesize
         U malloc
         U mmap
         U mprotect
00000060 r msg.6727
00000020 r msg.6752
         U munmap
00000000 r nl.6709
         w pthread_sigmask
         U sigdelset
         U sigemptyset
         U sigfillset
         U sigprocmask
00000080 b static_pagesize.6718
00000084 b use_guard_page.6719
         U writev

generic-morestack-thread.o:
         U _GLOBAL_OFFSET_TABLE_
         U ___tls_get_addr
         U __morestack_fail
         U __morestack_release_segments
         U __morestack_segments
         w __real_pthread_create
         U __stack_split_initialize
00000100 T __wrap_pthread_create
00000000 T __x86.get_pc_thunk.bx
00000090 t create_key
00000000 b create_key_once
         U free
000000e0 t free_segments
         U malloc
00000060 r msg.6489
00000020 r msg.6504
00000000 r msg.6526
         w pthread_key_create
         w pthread_once
         w pthread_setspecific
00000004 b segment_list_key
00000000 t stack_split_initialize_thread

morestack.o:
00000000 V DW.ref.__gcc_personality_v0
         U _GLOBAL_OFFSET_TABLE_
         U _Unwind_Resume
         U __gcc_personality_v0
         U __generic_findstack
         U __generic_morestack
         U __generic_morestack_set_initial_sp
         U __generic_releasestack
00000050 T __morestack
         U __morestack_block_signals
00000145 T __morestack_get_guard
         U __morestack_load_mmap
00000157 T __morestack_make_guard
00000000 T __morestack_non_split
0000014c T __morestack_set_guard
         U __morestack_unblock_signals
00000129 T __stack_split_initialize
00000000 T __x86.get_pc_thunk.bx
