mkdir -p -m 755 /home/iwabuchiken/ws/ws_eclipse/dos2unix/build/bin
install  -m 755 dos2unix /home/iwabuchiken/ws/ws_eclipse/dos2unix/build/bin
install  -m 755 unix2dos /home/iwabuchiken/ws/ws_eclipse/dos2unix/build/bin
cd /home/iwabuchiken/ws/ws_eclipse/dos2unix/build/bin; ln -sf dos2unix mac2unix
cd /home/iwabuchiken/ws/ws_eclipse/dos2unix/build/bin; ln -sf unix2dos unix2mac
mkdir -p -m 755 /home/iwabuchiken/ws/ws_eclipse/dos2unix/build/share/man/man1
install  -m 644 man/man1/dos2unix.1 /home/iwabuchiken/ws/ws_eclipse/dos2unix/build/share/man/man1
cd /home/iwabuchiken/ws/ws_eclipse/dos2unix/build/share/man/man1; ln -sf dos2unix.1 mac2unix.1
cd /home/iwabuchiken/ws/ws_eclipse/dos2unix/build/share/man/man1; ln -sf dos2unix.1 unix2dos.1
cd /home/iwabuchiken/ws/ws_eclipse/dos2unix/build/share/man/man1; ln -sf dos2unix.1 unix2mac.1
mkdir -p -m 755 /home/iwabuchiken/ws/ws_eclipse/dos2unix/build/share/man/es/man1/ ;  mkdir -p -m 755 /home/iwabuchiken/ws/ws_eclipse/dos2unix/build/share/man/nl/man1/ ;
install -m 644 man/es/man1/dos2unix.1 /home/iwabuchiken/ws/ws_eclipse/dos2unix/build/share/man/es/man1/ ;  install -m 644 man/nl/man1/dos2unix.1 /home/iwabuchiken/ws/ws_eclipse/dos2unix/build/share/man/nl/man1/ ;
cd /home/iwabuchiken/ws/ws_eclipse/dos2unix/build/share/man/es/man1/ ; ln -sf dos2unix.1 mac2unix.1 ;  cd /home/iwabuchiken/ws/ws_eclipse/dos2unix/build/share/man/nl/man1/ ; ln -sf dos2unix.1 mac2unix.1 ;
cd /home/iwabuchiken/ws/ws_eclipse/dos2unix/build/share/man/es/man1/ ; ln -sf dos2unix.1 unix2dos.1 ;  cd /home/iwabuchiken/ws/ws_eclipse/dos2unix/build/share/man/nl/man1/ ; ln -sf dos2unix.1 unix2dos.1 ;
cd /home/iwabuchiken/ws/ws_eclipse/dos2unix/build/share/man/es/man1/ ; ln -sf dos2unix.1 unix2mac.1 ;  cd /home/iwabuchiken/ws/ws_eclipse/dos2unix/build/share/man/nl/man1/ ; ln -sf dos2unix.1 unix2mac.1 ;
-- install-mo
mkdir -p -m 755 /home/iwabuchiken/ws/ws_eclipse/dos2unix/build/share/locale/de/LC_MESSAGES ;  mkdir -p -m 755 /home/iwabuchiken/ws/ws_eclipse/dos2unix/build/share/locale/eo/LC_MESSAGES ;  mkdir -p -m 755 /home/iwabuchiken/ws/ws_eclipse/dos2unix/build/share/locale/es/LC_MESSAGES ;  mkdir -p -m 755 /home/iwabuchiken/ws/ws_eclipse/dos2unix/build/share/locale/nl/LC_MESSAGES ;
install -m 644 po/de.mo /home/iwabuchiken/ws/ws_eclipse/dos2unix/build/share/locale/de/LC_MESSAGES/dos2unix.mo ;  install -m 644 po/eo.mo /home/iwabuchiken/ws/ws_eclipse/dos2unix/build/share/locale/eo/LC_MESSAGES/dos2unix.mo ;  install -m 644 po/es.mo /home/iwabuchiken/ws/ws_eclipse/dos2unix/build/share/locale/es/LC_MESSAGES/dos2unix.mo ;  install -m 644 po/nl.mo /home/iwabuchiken/ws/ws_eclipse/dos2unix/build/share/locale/nl/LC_MESSAGES/dos2unix.mo ;
# Run a new instance of 'make' otherwise the $(wildcard ) function my not have been expanded,
# because the files may not have been there when make was started.
make install-doc
make[1]: ディレクトリ `/home/iwabuchiken/ws/ws_eclipse/dos2unix' に入ります
-- install-doc
mkdir -p -m 755 /home/iwabuchiken/ws/ws_eclipse/dos2unix/build/share/doc/dos2unix-6.0.2
install -m 644 README.txt NEWS.txt ChangeLog.txt COPYING.txt TODO.txt BUGS.txt man/man1/dos2unix.txt man/man1/dos2unix.htm /home/iwabuchiken/ws/ws_eclipse/dos2unix/build/share/doc/dos2unix-6.0.2
# Install translated manuals when they have been generated.
make[1]: ディレクトリ `/home/iwabuchiken/ws/ws_eclipse/dos2unix' から出ます
